<?xml version="1.0" encoding="UTF-8"?>
<!-- Generated by org.testng.reporters.JUnitXMLReporter -->
<testsuite hostname="G1C2ML15921" name="RegressionTest" tests="21" failures="0" timestamp="2 Jan 2019 05:01:52 GMT" time="170.531" errors="0">
  <testcase name="homePageTest" time="18.78" classname="com.mindtree.executionengine.MyCarTest"/>
  <testcase name="login" time="13.177" classname="com.mindtree.executionengine.MyCarTest"/>
  <testcase name="login" time="0.002" classname="com.mindtree.executionengine.MyCarTest"/>
  <testcase name="login" time="0.001" classname="com.mindtree.executionengine.MyCarTest"/>
  <testcase name="login" time="0.002" classname="com.mindtree.executionengine.MyCarTest"/>
  <testcase name="login" time="0.001" classname="com.mindtree.executionengine.MyCarTest"/>
  <testcase name="login" time="0.001" classname="com.mindtree.executionengine.MyCarTest"/>
  <testcase name="login" time="0.001" classname="com.mindtree.executionengine.MyCarTest"/>
  <testcase name="loginWithGoogle" time="0.002" classname="com.mindtree.executionengine.MyCarTest"/>
  <testcase name="loginWithGoogle" time="0.002" classname="com.mindtree.executionengine.MyCarTest"/>
  <testcase name="loginWithGoogle" time="28.36" classname="com.mindtree.executionengine.MyCarTest"/>
  <testcase name="loginWithGoogle" time="0.001" classname="com.mindtree.executionengine.MyCarTest"/>
  <testcase name="loginWithGoogle" time="0.002" classname="com.mindtree.executionengine.MyCarTest"/>
  <testcase name="signUp" time="13.749" classname="com.mindtree.executionengine.MyCarTest"/>
  <testcase name="signUpthroughGoogle" time="24.828" classname="com.mindtree.executionengine.MyCarTest"/>
  <testcase name="searchNewCar" time="20.013" classname="com.mindtree.executionengine.MyCarTest"/>
  <testcase name="admin" time="14.449" classname="com.mindtree.executionengine.MyCarTest"/>
  <testcase name="adminAllCarList" time="0.831" classname="com.mindtree.executionengine.MyCarTest"/>
  <testcase name="adminAddPartners" time="1.6" classname="com.mindtree.executionengine.MyCarTest"/>
  <testcase name="provider" time="31.739" classname="com.mindtree.executionengine.MyCarTest"/>
  <testcase name="addCar" time="2.637" classname="com.mindtree.executionengine.MyCarTest"/>
</testsuite> <!-- RegressionTest -->
