<?xml version="1.0" encoding="UTF-8"?>
<!-- Generated by org.testng.reporters.JUnitXMLReporter -->
<testsuite hostname="G1C2ML15921" name="SanityTest" tests="6" failures="0" timestamp="2 Jan 2019 06:16:03 GMT" time="57.699" errors="0">
  <testcase name="admin" time="18.425" classname="com.mindtree.executionengine.MyCarTest"/>
  <testcase name="adminAllCarList" time="1.097" classname="com.mindtree.executionengine.MyCarTest"/>
  <testcase name="adminAddPartners" time="1.951" classname="com.mindtree.executionengine.MyCarTest"/>
  <testcase name="provider" time="2.15" classname="com.mindtree.executionengine.MyCarTest"/>
  <testcase name="addCar" time="3.89" classname="com.mindtree.executionengine.MyCarTest"/>
  <testcase name="addPartner" time="24.146" classname="com.mindtree.executionengine.MyCarTest"/>
</testsuite> <!-- SanityTest -->
