<?xml version="1.0" encoding="UTF-8"?>
<!-- Generated by org.testng.reporters.JUnitXMLReporter -->
<testsuite hostname="G1C2ML15921" name="SanityTest" tests="3" failures="0" timestamp="24 Dec 2018 11:18:43 GMT" time="52.154" errors="0">
  <testcase name="homePageTest" time="18.133" classname="com.mindtree.executionengine.MyCarTest"/>
  <testcase name="signUp" time="14.517" classname="com.mindtree.executionengine.MyCarTest"/>
  <testcase name="searchNewCar" time="19.485" classname="com.mindtree.executionengine.MyCarTest"/>
</testsuite> <!-- SanityTest -->
