<?xml version="1.0" encoding="UTF-8"?>
<!-- Generated by org.testng.reporters.JUnitXMLReporter -->
<testsuite hostname="A2SITML31104" name="Test" tests="2" failures="0" timestamp="16 Jul 2019 08:53:47 GMT" time="198.756" errors="0">
  <testcase name="@AfterClass pdf" time="0.0" classname="com.mindtree.executionengine.MainProgram">
    <failure type="com.itextpdf.tool.xml.exceptions.RuntimeWorkerException" message="Invalid nested tag head found, expected closing tag link.">
      <![CDATA[com.itextpdf.tool.xml.exceptions.RuntimeWorkerException: Invalid nested tag head found, expected closing tag link.
	at com.itextpdf.tool.xml.XMLWorker.endElement(XMLWorker.java:134)
	at com.itextpdf.tool.xml.parser.XMLParser.endElement(XMLParser.java:395)
	at com.itextpdf.tool.xml.parser.state.ClosingTagState.process(ClosingTagState.java:70)
	at com.itextpdf.tool.xml.parser.XMLParser.parseWithReader(XMLParser.java:235)
	at com.itextpdf.tool.xml.parser.XMLParser.parse(XMLParser.java:213)
	at com.itextpdf.tool.xml.parser.XMLParser.parse(XMLParser.java:174)
	at com.itextpdf.tool.xml.XMLWorkerHelper.parseXHtml(XMLWorkerHelper.java:223)
	at com.itextpdf.tool.xml.XMLWorkerHelper.parseXHtml(XMLWorkerHelper.java:185)
	at com.mindtree.utility.HtmlToPDF2.createPdf(HtmlToPDF2.java:34)
	at com.mindtree.executionengine.MainProgram.pdf(MainProgram.java:118)
... Removed 24 stack frames]]>
    </failure>
  </testcase> <!-- @AfterClass pdf -->
  <testcase name="validate" time="122.388" classname="com.mindtree.executionengine.MainProgram"/>
  <testcase name="validate" time="33.044" classname="com.mindtree.executionengine.MainProgram"/>
</testsuite> <!-- Test -->
