<?xml version="1.0" encoding="UTF-8"?>
<!-- Generated by org.testng.reporters.JUnitXMLReporter -->
<testsuite hostname="G1C2ML15921" name="RegressionTest" tests="21" failures="0" timestamp="31 Dec 2018 10:48:06 GMT" time="172.502" errors="0">
  <testcase name="homePageTest" time="22.076" classname="com.mindtree.executionengine.MyCarTest"/>
  <testcase name="login" time="13.468" classname="com.mindtree.executionengine.MyCarTest"/>
  <testcase name="login" time="0.002" classname="com.mindtree.executionengine.MyCarTest"/>
  <testcase name="login" time="0.002" classname="com.mindtree.executionengine.MyCarTest"/>
  <testcase name="login" time="0.008" classname="com.mindtree.executionengine.MyCarTest"/>
  <testcase name="login" time="0.004" classname="com.mindtree.executionengine.MyCarTest"/>
  <testcase name="login" time="0.0" classname="com.mindtree.executionengine.MyCarTest"/>
  <testcase name="login" time="0.0" classname="com.mindtree.executionengine.MyCarTest"/>
  <testcase name="loginWithGoogle" time="0.001" classname="com.mindtree.executionengine.MyCarTest"/>
  <testcase name="loginWithGoogle" time="0.001" classname="com.mindtree.executionengine.MyCarTest"/>
  <testcase name="loginWithGoogle" time="29.175" classname="com.mindtree.executionengine.MyCarTest"/>
  <testcase name="loginWithGoogle" time="0.0" classname="com.mindtree.executionengine.MyCarTest"/>
  <testcase name="loginWithGoogle" time="0.0" classname="com.mindtree.executionengine.MyCarTest"/>
  <testcase name="signUp" time="15.935" classname="com.mindtree.executionengine.MyCarTest"/>
  <testcase name="signUpthroughGoogle" time="28.921" classname="com.mindtree.executionengine.MyCarTest"/>
  <testcase name="searchNewCar" time="20.094" classname="com.mindtree.executionengine.MyCarTest"/>
  <testcase name="admin" time="15.511" classname="com.mindtree.executionengine.MyCarTest"/>
  <testcase name="adminAllCarList" time="21.882" classname="com.mindtree.executionengine.MyCarTest"/>
  <testcase name="adminAddPartners" time="2.091" classname="com.mindtree.executionengine.MyCarTest"/>
  <testcase name="provider" time="1.804" classname="com.mindtree.executionengine.MyCarTest"/>
  <testcase name="addCar" time="1.183" classname="com.mindtree.executionengine.MyCarTest"/>
</testsuite> <!-- RegressionTest -->
