<?xml version="1.0" encoding="UTF-8"?>
<!-- Generated by org.testng.reporters.JUnitXMLReporter -->
<testsuite hostname="G1C2ML15921" name="SanityTest" tests="2" failures="2" timestamp="26 Dec 2018 16:44:31 GMT" time="5.347" errors="0">
  <testcase name="@AfterTest sendmail" time="0.0" classname="com.mindtree.executionengine.MyCarTest">
    <failure type="java.lang.RuntimeException" message="javax.mail.MessagingException: IOException while sending message;
  nested exception is:
	java.io.FileNotFoundException: D:\dotnet-mycar-automation\dotnet-mycar-automation\mycartest20\report\extentreport\2018-12-26-10-14-25MyCarTestReport.html (The system cannot find the file specified)">
      <![CDATA[java.lang.RuntimeException: javax.mail.MessagingException: IOException while sending message;
  nested exception is:
	java.io.FileNotFoundException: D:\dotnet-mycar-automation\dotnet-mycar-automation\mycartest20\report\extentreport\2018-12-26-10-14-25MyCarTestReport.html (The system cannot find the file specified)
	at com.mindtree.utility.SendAttachmentInEmail.mail(SendAttachmentInEmail.java:96)
	at com.mindtree.executionengine.MyCarTest.sendmail(MyCarTest.java:177)
Caused by: javax.mail.MessagingException: IOException while sending message;
  nested exception is:
	java.io.FileNotFoundException: D:\dotnet-mycar-automation\dotnet-mycar-automation\mycartest20\report\extentreport\2018-12-26-10-14-25MyCarTestReport.html (The system cannot find the file specified)
	at com.sun.mail.smtp.SMTPTransport.sendMessage(SMTPTransport.java:625)
	at javax.mail.Transport.send0(Transport.java:169)
	at javax.mail.Transport.send(Transport.java:98)
	at com.mindtree.utility.SendAttachmentInEmail.mail(SendAttachmentInEmail.java:91)
	... 24 more
Caused by: java.io.FileNotFoundException: D:\dotnet-mycar-automation\dotnet-mycar-automation\mycartest20\report\extentreport\2018-12-26-10-14-25MyCarTestReport.html (The system cannot find the file specified)
	at java.io.FileInputStream.open0(Native Method)
	at java.io.FileInputStream.open(FileInputStream.java:195)
	at java.io.FileInputStream.<init>(FileInputStream.java:138)
	at javax.activation.FileDataSource.getInputStream(FileDataSource.java:97)
	at javax.activation.DataHandler.writeTo(DataHandler.java:305)
	at javax.mail.internet.MimeBodyPart.writeTo(MimeBodyPart.java:1350)
	at javax.mail.internet.MimeBodyPart.writeTo(MimeBodyPart.java:845)
	at javax.mail.internet.MimeMultipart.writeTo(MimeMultipart.java:361)
	at com.sun.mail.handlers.multipart_mixed.writeTo(multipart_mixed.java:85)
	at javax.activation.ObjectDataContentHandler.writeTo(DataHandler.java:889)
	at javax.activation.DataHandler.writeTo(DataHandler.java:317)
	at javax.mail.internet.MimeBodyPart.writeTo(MimeBodyPart.java:1350)
	at javax.mail.internet.MimeMessage.writeTo(MimeMessage.java:1683)
	at com.sun.mail.smtp.SMTPTransport.sendMessage(SMTPTransport.java:585)
	... 27 more
... Removed 23 stack frames]]>
    </failure>
  </testcase> <!-- @AfterTest sendmail -->
  <testcase name="homePageTest" time="1.331" classname="com.mindtree.executionengine.MyCarTest">
    <failure type="java.lang.NullPointerException">
      <![CDATA[java.lang.NullPointerException
	at com.mindtree.reusuablecomponents.CommonComponents.takeScreenshot(CommonComponents.java:99)
	at com.mindtree.pageobjectactionkeywords.HomePageKeywords.keywordImplementation(HomePageKeywords.java:109)
	at com.mindtree.pageobjectactionkeywords.HomePageKeywords.fetchKeywords(HomePageKeywords.java:78)
	at com.mindtree.executionengine.MyCarTest.homePageTest(MyCarTest.java:64)
... Removed 25 stack frames]]>
    </failure>
  </testcase> <!-- homePageTest -->
  <testcase name="searchNewCar" time="0.152" classname="com.mindtree.executionengine.MyCarTest">
    <failure type="java.lang.NullPointerException">
      <![CDATA[java.lang.NullPointerException
	at com.mindtree.reusuablecomponents.CommonComponents.takeScreenshot(CommonComponents.java:99)
	at com.mindtree.pageobjectactionkeywords.SearchNewCarKeywords.keywordImplementation(SearchNewCarKeywords.java:100)
	at com.mindtree.pageobjectactionkeywords.SearchNewCarKeywords.fetchKeywords(SearchNewCarKeywords.java:70)
	at com.mindtree.executionengine.MyCarTest.searchNewCar(MyCarTest.java:160)
... Removed 25 stack frames]]>
    </failure>
  </testcase> <!-- searchNewCar -->
</testsuite> <!-- SanityTest -->
