<?xml version="1.0" encoding="UTF-8"?>
<!-- Generated by org.testng.reporters.JUnitXMLReporter -->
<testsuite hostname="G1C2ML15921" name="Test" tests="13" failures="0" timestamp="26 Dec 2018 17:58:17 GMT" time="110.17" errors="0">
  <testcase name="login" time="15.175" classname="com.mindtree.executionengine.MyCarTest"/>
  <testcase name="login" time="0.0" classname="com.mindtree.executionengine.MyCarTest"/>
  <testcase name="login" time="0.0" classname="com.mindtree.executionengine.MyCarTest"/>
  <testcase name="login" time="0.0" classname="com.mindtree.executionengine.MyCarTest"/>
  <testcase name="login" time="0.0" classname="com.mindtree.executionengine.MyCarTest"/>
  <testcase name="login" time="0.0" classname="com.mindtree.executionengine.MyCarTest"/>
  <testcase name="login" time="13.891" classname="com.mindtree.executionengine.MyCarTest"/>
  <testcase name="loginWithGoogle" time="0.0" classname="com.mindtree.executionengine.MyCarTest"/>
  <testcase name="loginWithGoogle" time="25.726" classname="com.mindtree.executionengine.MyCarTest"/>
  <testcase name="loginWithGoogle" time="23.916" classname="com.mindtree.executionengine.MyCarTest"/>
  <testcase name="loginWithGoogle" time="0.0" classname="com.mindtree.executionengine.MyCarTest"/>
  <testcase name="loginWithGoogle" time="0.0" classname="com.mindtree.executionengine.MyCarTest"/>
  <testcase name="signUpthroughGoogle" time="24.768" classname="com.mindtree.executionengine.MyCarTest"/>
</testsuite> <!-- Test -->
