<?xml version="1.0" encoding="UTF-8"?>
<testng-results skipped="0" failed="0" total="3" passed="3">
  <reporter-output>
  </reporter-output>
  <suite name="Default suite" duration-ms="160965" started-at="2019-07-29T07:26:22Z" finished-at="2019-07-29T07:29:03Z">
    <groups>
    </groups>
    <test name="Default test" duration-ms="160965" started-at="2019-07-29T07:26:22Z" finished-at="2019-07-29T07:29:03Z">
      <class name="com.mindtree.TestCaseExecution.MainProgram">
        <test-method status="PASS" signature="startExtentReport()[pri:0, instance:com.mindtree.TestCaseExecution.MainProgram@17baae6e]" name="startExtentReport" is-config="true" duration-ms="8" started-at="2019-07-29T12:56:22Z" finished-at="2019-07-29T12:56:22Z">
          <reporter-output>
          </reporter-output>
        </test-method> <!-- startExtentReport -->
        <test-method status="PASS" signature="roundtrip(java.lang.String, java.lang.String)[pri:1, instance:com.mindtree.TestCaseExecution.MainProgram@17baae6e]" name="roundtrip" duration-ms="128822" started-at="2019-07-29T12:56:23Z" data-provider="Authentication" finished-at="2019-07-29T12:58:32Z">
          <params>
            <param index="0">
              <value>
                <![CDATA[demo.account]]>
              </value>
            </param>
            <param index="1">
              <value>
                <![CDATA[demoaccount]]>
              </value>
            </param>
          </params>
          <reporter-output>
          </reporter-output>
        </test-method> <!-- roundtrip -->
        <test-method status="PASS" signature="teardown()[pri:0, instance:com.mindtree.TestCaseExecution.MainProgram@17baae6e]" name="teardown" is-config="true" duration-ms="97" started-at="2019-07-29T12:58:32Z" finished-at="2019-07-29T12:58:32Z">
          <reporter-output>
          </reporter-output>
        </test-method> <!-- teardown -->
        <test-method status="PASS" signature="validate(java.lang.String, java.lang.String)[pri:2, instance:com.mindtree.TestCaseExecution.MainProgram@17baae6e]" name="validate" duration-ms="22547" started-at="2019-07-29T12:58:32Z" data-provider="Credentials" finished-at="2019-07-29T12:58:54Z">
          <params>
            <param index="0">
              <value>
                <![CDATA[demo.account]]>
              </value>
            </param>
            <param index="1">
              <value>
                <![CDATA[demoaccount]]>
              </value>
            </param>
          </params>
          <reporter-output>
          </reporter-output>
        </test-method> <!-- validate -->
        <test-method status="PASS" signature="teardown()[pri:0, instance:com.mindtree.TestCaseExecution.MainProgram@17baae6e]" name="teardown" is-config="true" duration-ms="114" started-at="2019-07-29T12:58:54Z" finished-at="2019-07-29T12:58:54Z">
          <reporter-output>
          </reporter-output>
        </test-method> <!-- teardown -->
        <test-method status="PASS" signature="validate(java.lang.String, java.lang.String)[pri:2, instance:com.mindtree.TestCaseExecution.MainProgram@17baae6e]" name="validate" duration-ms="7068" started-at="2019-07-29T12:58:54Z" data-provider="Credentials" finished-at="2019-07-29T12:59:01Z">
          <params>
            <param index="0">
              <value>
                <![CDATA[falseUsername]]>
              </value>
            </param>
            <param index="1">
              <value>
                <![CDATA[falsePassword]]>
              </value>
            </param>
          </params>
          <reporter-output>
          </reporter-output>
        </test-method> <!-- validate -->
        <test-method status="PASS" signature="teardown()[pri:0, instance:com.mindtree.TestCaseExecution.MainProgram@17baae6e]" name="teardown" is-config="true" duration-ms="114" started-at="2019-07-29T12:59:01Z" finished-at="2019-07-29T12:59:02Z">
          <reporter-output>
          </reporter-output>
        </test-method> <!-- teardown -->
        <test-method status="FAIL" signature="end()[pri:0, instance:com.mindtree.TestCaseExecution.MainProgram@17baae6e]" name="end" is-config="true" duration-ms="0" started-at="2019-07-29T12:59:02Z" finished-at="2019-07-29T12:59:02Z">
          <exception class="javax.mail.MessagingException">
            <message>
              <![CDATA[Could not connect to SMTP host: smtp.gmail.com, port: 587]]>
            </message>
            <full-stacktrace>
              <![CDATA[javax.mail.MessagingException: Could not connect to SMTP host: smtp.gmail.com, port: 587;
  nested exception is:
	java.net.ConnectException: Connection refused: connect
	at com.sun.mail.smtp.SMTPTransport.openServer(SMTPTransport.java:1282)
	at com.sun.mail.smtp.SMTPTransport.protocolConnect(SMTPTransport.java:370)
	at javax.mail.Service.connect(Service.java:275)
	at javax.mail.Service.connect(Service.java:156)
	at com.mindtree.utility.SendAttachmentInEmail.mail(SendAttachmentInEmail.java:64)
	at com.mindtree.TestCaseExecution.MainProgram.end(MainProgram.java:96)
	at sun.reflect.NativeMethodAccessorImpl.invoke0(Native Method)
	at sun.reflect.NativeMethodAccessorImpl.invoke(NativeMethodAccessorImpl.java:62)
	at sun.reflect.DelegatingMethodAccessorImpl.invoke(DelegatingMethodAccessorImpl.java:43)
	at java.lang.reflect.Method.invoke(Method.java:498)
	at org.testng.internal.MethodInvocationHelper.invokeMethod(MethodInvocationHelper.java:85)
	at org.testng.internal.Invoker.invokeConfigurationMethod(Invoker.java:510)
	at org.testng.internal.Invoker.invokeConfigurations(Invoker.java:211)
	at org.testng.internal.Invoker.invokeConfigurations(Invoker.java:138)
	at org.testng.TestRunner.afterRun(TestRunner.java:1023)
	at org.testng.TestRunner.run(TestRunner.java:628)
	at org.testng.SuiteRunner.runTest(SuiteRunner.java:359)
	at org.testng.SuiteRunner.runSequentially(SuiteRunner.java:354)
	at org.testng.SuiteRunner.privateRun(SuiteRunner.java:312)
	at org.testng.SuiteRunner.run(SuiteRunner.java:261)
	at org.testng.SuiteRunnerWorker.runSuite(SuiteRunnerWorker.java:52)
	at org.testng.SuiteRunnerWorker.run(SuiteRunnerWorker.java:86)
	at org.testng.TestNG.runSuitesSequentially(TestNG.java:1215)
	at org.testng.TestNG.runSuitesLocally(TestNG.java:1140)
	at org.testng.TestNG.run(TestNG.java:1048)
	at org.testng.remote.AbstractRemoteTestNG.run(AbstractRemoteTestNG.java:115)
	at org.testng.remote.RemoteTestNG.initAndRun(RemoteTestNG.java:251)
	at org.testng.remote.RemoteTestNG.main(RemoteTestNG.java:77)
Caused by: java.net.ConnectException: Connection refused: connect
	at java.net.DualStackPlainSocketImpl.connect0(Native Method)
	at java.net.DualStackPlainSocketImpl.socketConnect(DualStackPlainSocketImpl.java:79)
	at java.net.AbstractPlainSocketImpl.doConnect(AbstractPlainSocketImpl.java:350)
	at java.net.AbstractPlainSocketImpl.connectToAddress(AbstractPlainSocketImpl.java:206)
	at java.net.AbstractPlainSocketImpl.connect(AbstractPlainSocketImpl.java:188)
	at java.net.PlainSocketImpl.connect(PlainSocketImpl.java:172)
	at java.net.SocksSocketImpl.connect(SocksSocketImpl.java:392)
	at java.net.Socket.connect(Socket.java:589)
	at java.net.Socket.connect(Socket.java:538)
	at com.sun.mail.util.SocketFetcher.createSocket(SocketFetcher.java:232)
	at com.sun.mail.util.SocketFetcher.getSocket(SocketFetcher.java:189)
	at com.sun.mail.smtp.SMTPTransport.openServer(SMTPTransport.java:1250)
	... 27 more
]]>
            </full-stacktrace>
          </exception> <!-- javax.mail.MessagingException -->
          <reporter-output>
          </reporter-output>
        </test-method> <!-- end -->
      </class> <!-- com.mindtree.TestCaseExecution.MainProgram -->
    </test> <!-- Default test -->
  </suite> <!-- Default suite -->
</testng-results>
